<?xml version="1.0" encoding="UTF-8"?>
<!-- Generated by org.testng.reporters.JUnitReportReporter -->
<testsuite hostname="BLakshmanreddy" failures="0" tests="3" name="testNG_Codexamples.TestBatch_priority_BeforeafterMethodexample" time="30.034" errors="0" timestamp="2022-09-29T19:16:06 IST" skipped="0">
  <testcase classname="testNG_Codexamples.TestBatch_priority_BeforeafterMethodexample" name="launchApplication" time="7.540"/>
  <system-out/>
  <testcase classname="testNG_Codexamples.TestBatch_priority_BeforeafterMethodexample" name="verifyElements" time="8.082"/>
  <system-out/>
  <testcase classname="testNG_Codexamples.TestBatch_priority_BeforeafterMethodexample" name="login" time="14.412"/>
  <system-out/>
</testsuite> <!-- testNG_Codexamples.TestBatch_priority_BeforeafterMethodexample -->
