<?xml version="1.0" encoding="UTF-8"?>
<!-- Generated by org.testng.reporters.JUnitReportReporter -->
<testsuite hostname="BLakshmanreddy" failures="0" tests="2" name="testNG_Codexamples.dataprovider_formatexample" time="0.023" errors="0" timestamp="2022-09-29T17:27:44 IST" skipped="0">
  <testcase classname="testNG_Codexamples.dataprovider_formatexample" name="myTest" time="0.020"/>
  <system-out/>
  <testcase classname="testNG_Codexamples.dataprovider_formatexample" name="myTest" time="0.003"/>
  <system-out/>
</testsuite> <!-- testNG_Codexamples.dataprovider_formatexample -->
