<?xml version="1.0" encoding="UTF-8"?>
<!-- Generated by org.testng.reporters.JUnitReportReporter -->
<testsuite hostname="BLakshmanreddy" failures="0" tests="3" name="testNG_Codexamples.TestNG_usingBeforeClassandAfterClass" time="15.630" errors="0" timestamp="2022-09-29T19:22:47 IST" skipped="0">
  <testcase classname="testNG_Codexamples.TestNG_usingBeforeClassandAfterClass" name="verifyGoogleTitle" time="3.309"/>
  <system-out/>
  <testcase classname="testNG_Codexamples.TestNG_usingBeforeClassandAfterClass" name="verifyYahooTitle" time="6.374"/>
  <system-out/>
  <testcase classname="testNG_Codexamples.TestNG_usingBeforeClassandAfterClass" name="verifyGuru99pageTitle" time="5.947"/>
  <system-out/>
</testsuite> <!-- testNG_Codexamples.TestNG_usingBeforeClassandAfterClass -->
