<?xml version="1.0" encoding="UTF-8"?>
<!-- Generated by org.testng.reporters.JUnitReportReporter -->
<testsuite hostname="BLakshmanreddy" failures="0" tests="6" name="testNG_Codexamples.GroupingTestcases_SanityandRegressiontestgroups" time="18.394" errors="0" timestamp="2022-09-29T18:49:07 IST" skipped="0">
  <testcase classname="testNG_Codexamples.GroupingTestcases_SanityandRegressiontestgroups" name="launchBrowser" time="4.719"/>
  <system-out/>
  <testcase classname="testNG_Codexamples.GroupingTestcases_SanityandRegressiontestgroups" name="verifyGoogleTitle" time="4.061"/>
  <system-out/>
  <testcase classname="testNG_Codexamples.GroupingTestcases_SanityandRegressiontestgroups" name="verifyYahooTitle" time="1.595"/>
  <system-out/>
  <testcase classname="testNG_Codexamples.GroupingTestcases_SanityandRegressiontestgroups" name="verifyBankOfAmericaTitle" time="3.236"/>
  <system-out/>
  <testcase classname="testNG_Codexamples.GroupingTestcases_SanityandRegressiontestgroups" name="verifyGcreddyTitle" time="4.684"/>
  <system-out/>
  <testcase classname="testNG_Codexamples.GroupingTestcases_SanityandRegressiontestgroups" name="closeBrowser" time="0.099"/>
  <system-out/>
</testsuite> <!-- testNG_Codexamples.GroupingTestcases_SanityandRegressiontestgroups -->
