<?xml version="1.0" encoding="UTF-8"?>
<!-- Generated by org.testng.reporters.JUnitReportReporter -->
<testsuite hostname="BLakshmanreddy" failures="0" tests="3" name="testNG_Codexamples.MultipleBatchtestExample_Usingpriority" time="37.370" errors="0" timestamp="2022-09-29T16:45:53 IST" skipped="0">
  <testcase classname="testNG_Codexamples.MultipleBatchtestExample_Usingpriority" name="launchApplication" time="16.839"/>
  <system-out/>
  <testcase classname="testNG_Codexamples.MultipleBatchtestExample_Usingpriority" name="verifyElements" time="10.265"/>
  <system-out/>
  <testcase classname="testNG_Codexamples.MultipleBatchtestExample_Usingpriority" name="login" time="10.266"/>
  <system-out/>
</testsuite> <!-- testNG_Codexamples.MultipleBatchtestExample_Usingpriority -->
