<?xml version="1.0" encoding="UTF-8"?>
<!-- Generated by org.testng.reporters.JUnitReportReporter -->
<testsuite hostname="BLakshmanreddy" failures="0" tests="1" name="testNG_Codexamples.DDT_Dataproviderannotation_Excel" time="2.695" errors="0" timestamp="2022-09-29T18:14:47 IST" skipped="0">
  <testcase classname="testNG_Codexamples.DDT_Dataproviderannotation_Excel" name="loginTest" time="2.695"/>
  <system-out/>
</testsuite> <!-- testNG_Codexamples.DDT_Dataproviderannotation_Excel -->
