<?xml version="1.0" encoding="UTF-8"?>
<!-- Generated by org.testng.reporters.JUnitReportReporter -->
<testsuite hostname="BLakshmanreddy" failures="0" tests="2" name="testNG_Codexamples.Listenerstest1" time="0.030" errors="0" timestamp="2022-09-29T19:06:31 IST" skipped="0">
  <testcase classname="testNG_Codexamples.Listenerstest1" name="test2" time="0.009"/>
  <system-out/>
  <testcase classname="testNG_Codexamples.Listenerstest1" name="test1" time="0.021"/>
  <system-out/>
</testsuite> <!-- testNG_Codexamples.Listenerstest1 -->
