<?xml version="1.0" encoding="UTF-8"?>
<!-- Generated by org.testng.reporters.JUnitReportReporter -->
<testsuite hostname="BLakshmanreddy" failures="0" tests="4" name="testNG_Codexamples.TestNG_Fivetestcases" time="9.583" errors="0" timestamp="2022-09-29T19:18:58 IST" skipped="0">
  <testcase classname="testNG_Codexamples.TestNG_Fivetestcases" name="launchBrowser" time="4.242"/>
  <system-out/>
  <testcase classname="testNG_Codexamples.TestNG_Fivetestcases" name="verifyGoogleTitle" time="3.657"/>
  <system-out/>
  <testcase classname="testNG_Codexamples.TestNG_Fivetestcases" name="verifyYahooTitle" time="1.572"/>
  <system-out/>
  <testcase classname="testNG_Codexamples.TestNG_Fivetestcases" name="closeBrowser" time="0.112"/>
  <system-out/>
</testsuite> <!-- testNG_Codexamples.TestNG_Fivetestcases -->
