<?xml version="1.0" encoding="UTF-8"?>
<!-- Generated by org.testng.reporters.JUnitReportReporter -->
<testsuite hostname="BLakshmanreddy" failures="0" tests="3" name="testNG_Codexamples.BatchTestingusingxml_ExecuteMultipleClassesusingXML" time="25.592" errors="0" timestamp="2022-09-29T16:52:27 IST" skipped="0">
  <testcase classname="testNG_Codexamples.BatchTestingusingxml_ExecuteMultipleClassesusingXML" name="verifyGoogleTitle" time="5.642"/>
  <system-out/>
  <testcase classname="testNG_Codexamples.BatchTestingusingxml_ExecuteMultipleClassesusingXML" name="verifyYahooTitle" time="5.402"/>
  <system-out/>
  <testcase classname="testNG_Codexamples.BatchTestingusingxml_ExecuteMultipleClassesusingXML" name="verifyGuru99pageTitle" time="14.548"/>
  <system-out/>
</testsuite> <!-- testNG_Codexamples.BatchTestingusingxml_ExecuteMultipleClassesusingXML -->
